<?xml version="1.0" encoding="UTF-8"?>
<!-- Generated by org.testng.reporters.JUnitXMLReporter -->
<testsuite hostname="G1291" ignored="0" tests="1" failures="0" timestamp="2018-09-26T17:18:11 MSK" time="0.243" errors="0">
  <testcase name="@BeforeTest setUp" time="0.127" classname="MobileKalkTest">
    <failure type="java.lang.NoClassDefFoundError" message="org/openqa/selenium/logging/LoggingHandler">
      <![CDATA[java.lang.NoClassDefFoundError: org/openqa/selenium/logging/LoggingHandler
at MobileKalkTest.setUp(MobileKalkTest.java:57)
Caused by: java.lang.ClassNotFoundException: org.openqa.selenium.logging.LoggingHandler
at java.net.URLClassLoader.findClass(URLClassLoader.java:381)
at java.lang.ClassLoader.loadClass(ClassLoader.java:424)
at sun.misc.Launcher$AppClassLoader.loadClass(Launcher.java:349)
at java.lang.ClassLoader.loadClass(ClassLoader.java:357)
... 35 more
... Removed 34 stack frames]]>
    </failure>
  </testcase> <!-- @BeforeTest setUp -->
  <testcase name="@AfterTest End" time="-1.537971491675E9" classname="MobileKalkTest">
    <skipped/>
  </testcase> <!-- @AfterTest End -->
  <testcase name="Sum" time="0.0" classname="MobileKalkTest">
    <skipped/>
  </testcase> <!-- Sum -->
</testsuite>
