# JRE version: Java(TM) SE Runtime Environment (8.0_181-b13) (build 1.8.0_181-b13)
# Java VM: Java HotSpot(TM) 64-Bit Server VM (25.181-b13 mixed mode windows-amd64 compressed oops)
Heap:
 PSYoungGen      total 153088K, used 95672K [0x00000000d5e00000, 0x00000000e0800000, 0x0000000100000000)
  eden space 133120K, 71% used [0x00000000d5e00000,0x00000000dbb6e3b8,0x00000000de000000)
  from space 19968K, 0% used [0x00000000df480000,0x00000000df480000,0x00000000e0800000)
  to   space 20480K, 0% used [0x00000000de000000,0x00000000de000000,0x00000000df400000)
 ParOldGen       total 92672K, used 25442K [0x0000000081a00000, 0x0000000087480000, 0x00000000d5e00000)
  object space 92672K, 27% used [0x0000000081a00000,0x00000000832d8ab8,0x0000000087480000)
 Metaspace       used 25585K, capacity 26664K, committed 26880K, reserved 1073152K
  class space    used 2972K, capacity 3218K, committed 3328K, reserved 1048576K
GC Heap History (10 events):
Event: 2.298 GC heap before
{Heap before GC invocations=3 (full 0):
 PSYoungGen      total 38400K, used 38399K [0x00000000d5e00000, 0x00000000d8880000, 0x0000000100000000)
  eden space 33280K, 100% used [0x00000000d5e00000,0x00000000d7e80000,0x00000000d7e80000)
  from space 5120K, 99% used [0x00000000d8380000,0x00000000d887fca8,0x00000000d8880000)
  to   space 5120K, 0% used [0x00000000d7e80000,0x00000000d7e80000,0x00000000d8380000)
 ParOldGen       total 87552K, used 3363K [0x0000000081a00000, 0x0000000086f80000, 0x00000000d5e00000)
  object space 87552K, 3% used [0x0000000081a00000,0x0000000081d48d78,0x0000000086f80000)
 Metaspace       used 13813K, capacity 13968K, committed 14080K, reserved 1062912K
  class space    used 1415K, capacity 1501K, committed 1536K, reserved 1048576K
Event: 2.315 GC heap after
Heap after GC invocations=3 (full 0):
 PSYoungGen      total 38400K, used 5088K [0x00000000d5e00000, 0x00000000da900000, 0x0000000100000000)
  eden space 33280K, 0% used [0x00000000d5e00000,0x00000000d5e00000,0x00000000d7e80000)
  from space 5120K, 99% used [0x00000000d7e80000,0x00000000d8378040,0x00000000d8380000)
  to   space 5120K, 0% used [0x00000000da400000,0x00000000da400000,0x00000000da900000)
 ParOldGen       total 87552K, used 11407K [0x0000000081a00000, 0x0000000086f80000, 0x00000000d5e00000)
  object space 87552K, 13% used [0x0000000081a00000,0x0000000082523f30,0x0000000086f80000)
 Metaspace       used 13813K, capacity 13968K, committed 14080K, reserved 1062912K
  class space    used 1415K, capacity 1501K, committed 1536K, reserved 1048576K
}
Event: 2.867 GC heap before
{Heap before GC invocations=4 (full 0):
 PSYoungGen      total 38400K, used 38368K [0x00000000d5e00000, 0x00000000da900000, 0x0000000100000000)
  eden space 33280K, 100% used [0x00000000d5e00000,0x00000000d7e80000,0x00000000d7e80000)
  from space 5120K, 99% used [0x00000000d7e80000,0x00000000d8378040,0x00000000d8380000)
  to   space 5120K, 0% used [0x00000000da400000,0x00000000da400000,0x00000000da900000)
 ParOldGen       total 87552K, used 11407K [0x0000000081a00000, 0x0000000086f80000, 0x00000000d5e00000)
  object space 87552K, 13% used [0x0000000081a00000,0x0000000082523f30,0x0000000086f80000)
 Metaspace       used 15684K, capacity 15824K, committed 16128K, reserved 1062912K
  class space    used 1615K, capacity 1693K, committed 1792K, reserved 1048576K
Event: 2.880 GC heap after
Heap after GC invocations=4 (full 0):
 PSYoungGen      total 71680K, used 5088K [0x00000000d5e00000, 0x00000000da900000, 0x0000000100000000)
  eden space 66560K, 0% used [0x00000000d5e00000,0x00000000d5e00000,0x00000000d9f00000)
  from space 5120K, 99% used [0x00000000da400000,0x00000000da8f8020,0x00000000da900000)
  to   space 5120K, 0% used [0x00000000d9f00000,0x00000000d9f00000,0x00000000da400000)
 ParOldGen       total 87552K, used 15391K [0x0000000081a00000, 0x0000000086f80000, 0x00000000d5e00000)
  object space 87552K, 17% used [0x0000000081a00000,0x0000000082907f80,0x0000000086f80000)
 Metaspace       used 15684K, capacity 15824K, committed 16128K, reserved 1062912K
  class space    used 1615K, capacity 1693K, committed 1792K, reserved 1048576K
}
Event: 3.751 GC heap before
{Heap before GC invocations=5 (full 0):
 PSYoungGen      total 71680K, used 71648K [0x00000000d5e00000, 0x00000000da900000, 0x0000000100000000)
  eden space 66560K, 100% used [0x00000000d5e00000,0x00000000d9f00000,0x00000000d9f00000)
  from space 5120K, 99% used [0x00000000da400000,0x00000000da8f8020,0x00000000da900000)
  to   space 5120K, 0% used [0x00000000d9f00000,0x00000000d9f00000,0x00000000da400000)
 ParOldGen       total 87552K, used 15391K [0x0000000081a00000, 0x0000000086f80000, 0x00000000d5e00000)
  object space 87552K, 17% used [0x0000000081a00000,0x0000000082907f80,0x0000000086f80000)
 Metaspace       used 18503K, capacity 18804K, committed 19072K, reserved 1067008K
  class space    used 1993K, capacity 2101K, committed 2176K, reserved 1048576K
Event: 3.784 GC heap after
Heap after GC invocations=5 (full 0):
 PSYoungGen      total 71680K, used 5088K [0x00000000d5e00000, 0x00000000e0900000, 0x0000000100000000)
  eden space 66560K, 0% used [0x00000000d5e00000,0x00000000d5e00000,0x00000000d9f00000)
  from space 5120K, 99% used [0x00000000d9f00000,0x00000000da3f8040,0x00000000da400000)
  to   space 20992K, 0% used [0x00000000df480000,0x00000000df480000,0x00000000e0900000)
 ParOldGen       total 87552K, used 32251K [0x0000000081a00000, 0x0000000086f80000, 0x00000000d5e00000)
  object space 87552K, 36% used [0x0000000081a00000,0x000000008397efd0,0x0000000086f80000)
 Metaspace       used 18503K, capacity 18804K, committed 19072K, reserved 1067008K
  class space    used 1993K, capacity 2101K, committed 2176K, reserved 1048576K
}
Event: 4.430 GC heap before
{Heap before GC invocations=6 (full 0):
 PSYoungGen      total 71680K, used 30218K [0x00000000d5e00000, 0x00000000e0900000, 0x0000000100000000)
  eden space 66560K, 37% used [0x00000000d5e00000,0x00000000d768ab40,0x00000000d9f00000)
  from space 5120K, 99% used [0x00000000d9f00000,0x00000000da3f8040,0x00000000da400000)
  to   space 20992K, 0% used [0x00000000df480000,0x00000000df480000,0x00000000e0900000)
 ParOldGen       total 87552K, used 32251K [0x0000000081a00000, 0x0000000086f80000, 0x00000000d5e00000)
  object space 87552K, 36% used [0x0000000081a00000,0x000000008397efd0,0x0000000086f80000)
 Metaspace       used 20898K, capacity 21172K, committed 21296K, reserved 1069056K
  class space    used 2259K, capacity 2372K, committed 2432K, reserved 1048576K
Event: 4.447 GC heap after
Heap after GC invocations=6 (full 0):
 PSYoungGen      total 153088K, used 9074K [0x00000000d5e00000, 0x00000000e0800000, 0x0000000100000000)
  eden space 133120K, 0% used [0x00000000d5e00000,0x00000000d5e00000,0x00000000de000000)
  from space 19968K, 45% used [0x00000000df480000,0x00000000dfd5cab8,0x00000000e0800000)
  to   space 20480K, 0% used [0x00000000de000000,0x00000000de000000,0x00000000df400000)
 ParOldGen       total 87552K, used 32259K [0x0000000081a00000, 0x0000000086f80000, 0x00000000d5e00000)
  object space 87552K, 36% used [0x0000000081a00000,0x0000000083980fd0,0x0000000086f80000)
 Metaspace       used 20898K, capacity 21172K, committed 21296K, reserved 1069056K
  class space    used 2259K, capacity 2372K, committed 2432K, reserved 1048576K
}
Event: 4.447 GC heap before
{Heap before GC invocations=7 (full 1):
 PSYoungGen      total 153088K, used 9074K [0x00000000d5e00000, 0x00000000e0800000, 0x0000000100000000)
  eden space 133120K, 0% used [0x00000000d5e00000,0x00000000d5e00000,0x00000000de000000)
  from space 19968K, 45% used [0x00000000df480000,0x00000000dfd5cab8,0x00000000e0800000)
  to   space 20480K, 0% used [0x00000000de000000,0x00000000de000000,0x00000000df400000)
 ParOldGen       total 87552K, used 32259K [0x0000000081a00000, 0x0000000086f80000, 0x00000000d5e00000)
  object space 87552K, 36% used [0x0000000081a00000,0x0000000083980fd0,0x0000000086f80000)
 Metaspace       used 20898K, capacity 21172K, committed 21296K, reserved 1069056K
  class space    used 2259K, capacity 2372K, committed 2432K, reserved 1048576K
Event: 4.568 GC heap after
Heap after GC invocations=7 (full 1):
 PSYoungGen      total 153088K, used 0K [0x00000000d5e00000, 0x00000000e0800000, 0x0000000100000000)
  eden space 133120K, 0% used [0x00000000d5e00000,0x00000000d5e00000,0x00000000de000000)
  from space 19968K, 0% used [0x00000000df480000,0x00000000df480000,0x00000000e0800000)
  to   space 20480K, 0% used [0x00000000de000000,0x00000000de000000,0x00000000df400000)
 ParOldGen       total 92672K, used 25442K [0x0000000081a00000, 0x0000000087480000, 0x00000000d5e00000)
  object space 92672K, 27% used [0x0000000081a00000,0x00000000832d8ab8,0x0000000087480000)
 Metaspace       used 20898K, capacity 21172K, committed 21296K, reserved 1069056K
  class space    used 2259K, capacity 2372K, committed 2432K, reserved 1048576K
}

