<?xml version="1.0" encoding="UTF-8"?>
<testng-results skipped="0" failed="0" ignored="0" total="1" passed="1">
  <reporter-output>
  </reporter-output>
  <suite name="regress" duration-ms="52452" started-at="2018-10-03T18:19:03 MSK" finished-at="2018-10-03T18:19:56 MSK">
    <groups>
    </groups>
    <test name="MB тесты9" duration-ms="52452" started-at="2018-10-03T18:19:03 MSK" finished-at="2018-10-03T18:19:56 MSK">
      <class name="Cards.BlockAndUnBlocCard">
        <test-method status="PASS" signature="setUp()[pri:0, instance:Cards.BlockAndUnBlocCard@57fd91c9]" name="setUp" is-config="true" duration-ms="9659" started-at="2018-10-03T18:19:03 MSK" finished-at="2018-10-03T18:19:13 MSK">
          <reporter-output>
          </reporter-output>
        </test-method> <!-- setUp -->
        <test-method status="PASS" signature="BlockAndUnBloc()[pri:0, instance:Cards.BlockAndUnBlocCard@57fd91c9]" name="BlockAndUnBloc" duration-ms="40838" started-at="2018-10-03T18:19:13 MSK" finished-at="2018-10-03T18:19:54 MSK">
          <reporter-output>
          </reporter-output>
        </test-method> <!-- BlockAndUnBloc -->
        <test-method status="PASS" signature="End()[pri:0, instance:Cards.BlockAndUnBlocCard@57fd91c9]" name="End" is-config="true" duration-ms="1450" started-at="2018-10-03T18:19:54 MSK" finished-at="2018-10-03T18:19:56 MSK">
          <reporter-output>
          </reporter-output>
        </test-method> <!-- End -->
      </class> <!-- Cards.BlockAndUnBlocCard -->
    </test> <!-- MB тесты9 -->
  </suite> <!-- regress -->
</testng-results>
