<?xml version="1.0" encoding="UTF-8"?>
<testsuite xmlns:xsi="http://www.w3.org/2001/XMLSchema-instance" xsi:noNamespaceSchemaLocation="https://maven.apache.org/surefire/maven-surefire-plugin/xsd/surefire-test-report.xsd" name="TestSuite" time="296.993" tests="8" errors="0" skipped="0" failures="0">
  <properties>
[...]
</properties>
  <testcase name="exit" classname="SideMenu.Exit" time="23.771"/>
  <testcase name="see" classname="SideMenu.SeeLogin" time="22.329"/>
  <testcase name="contacts" classname="SideMenu.Contacts" time="26.712"/>
  <testcase name="settings" classname="SideMenu.Settings" time="35.256"/>
  <testcase name="offers" classname="SideMenu.Offers" time="24.171"/>
  <testcase name="TemplatesList" classname="HomeScreen.OpenTemplatesList" time="28.193"/>
  <testcase name="TemplatesList" classname="HomeScreen.OpenTemplatesList" time="28.479"/>
  <testcase name="DSecure" classname="Cards.On3DSecure" time="40.217"/>
</testsuite>