<?xml version="1.0" encoding="UTF-8"?>
<testng-results skipped="0" failed="0" ignored="0" total="8" passed="8">
  <reporter-output>
  </reporter-output>
  <suite name="regress" duration-ms="294788" started-at="2018-10-02T15:04:12 MSK" finished-at="2018-10-02T15:09:07 MSK">
    <groups>
    </groups>
    <test name="MB тест1" duration-ms="35337" started-at="2018-10-02T15:04:12 MSK" finished-at="2018-10-02T15:04:47 MSK">
      <class name="SideMenu.Exit">
        <test-method status="PASS" signature="setUp()[pri:0, instance:SideMenu.Exit@34997338]" name="setUp" is-config="true" duration-ms="9385" started-at="2018-10-02T15:04:12 MSK" finished-at="2018-10-02T15:04:21 MSK">
          <reporter-output>
          </reporter-output>
        </test-method> <!-- setUp -->
        <test-method status="PASS" signature="exit()[pri:0, instance:SideMenu.Exit@34997338]" name="exit" duration-ms="23845" started-at="2018-10-02T15:04:22 MSK" finished-at="2018-10-02T15:04:45 MSK">
          <reporter-output>
          </reporter-output>
        </test-method> <!-- exit -->
        <test-method status="PASS" signature="End()[pri:0, instance:SideMenu.Exit@34997338]" name="End" is-config="true" duration-ms="1770" started-at="2018-10-02T15:04:45 MSK" finished-at="2018-10-02T15:04:47 MSK">
          <reporter-output>
          </reporter-output>
        </test-method> <!-- End -->
      </class> <!-- SideMenu.Exit -->
    </test> <!-- MB тест1 -->
    <test name="MB тесты2" duration-ms="29957" started-at="2018-10-02T15:04:47 MSK" finished-at="2018-10-02T15:05:17 MSK">
      <class name="SideMenu.SeeLogin">
        <test-method status="PASS" signature="setUp()[pri:0, instance:SideMenu.SeeLogin@726e5805]" name="setUp" is-config="true" duration-ms="6316" started-at="2018-10-02T15:04:47 MSK" finished-at="2018-10-02T15:04:54 MSK">
          <reporter-output>
          </reporter-output>
        </test-method> <!-- setUp -->
        <test-method status="PASS" signature="see()[pri:0, instance:SideMenu.SeeLogin@726e5805]" name="see" duration-ms="22330" started-at="2018-10-02T15:04:54 MSK" finished-at="2018-10-02T15:05:16 MSK">
          <reporter-output>
          </reporter-output>
        </test-method> <!-- see -->
        <test-method status="PASS" signature="End()[pri:0, instance:SideMenu.SeeLogin@726e5805]" name="End" is-config="true" duration-ms="1307" started-at="2018-10-02T15:05:16 MSK" finished-at="2018-10-02T15:05:17 MSK">
          <reporter-output>
          </reporter-output>
        </test-method> <!-- End -->
      </class> <!-- SideMenu.SeeLogin -->
    </test> <!-- MB тесты2 -->
    <test name="MB тесты3" duration-ms="34196" started-at="2018-10-02T15:05:17 MSK" finished-at="2018-10-02T15:05:51 MSK">
      <class name="SideMenu.Contacts">
        <test-method status="PASS" signature="setUp()[pri:0, instance:SideMenu.Contacts@3fffff43]" name="setUp" is-config="true" duration-ms="6321" started-at="2018-10-02T15:05:17 MSK" finished-at="2018-10-02T15:05:23 MSK">
          <reporter-output>
          </reporter-output>
        </test-method> <!-- setUp -->
        <test-method status="PASS" signature="contacts()[pri:0, instance:SideMenu.Contacts@3fffff43]" name="contacts" duration-ms="26712" started-at="2018-10-02T15:05:23 MSK" finished-at="2018-10-02T15:05:50 MSK">
          <reporter-output>
          </reporter-output>
        </test-method> <!-- contacts -->
        <test-method status="PASS" signature="End()[pri:0, instance:SideMenu.Contacts@3fffff43]" name="End" is-config="true" duration-ms="1163" started-at="2018-10-02T15:05:50 MSK" finished-at="2018-10-02T15:05:51 MSK">
          <reporter-output>
          </reporter-output>
        </test-method> <!-- End -->
      </class> <!-- SideMenu.Contacts -->
    </test> <!-- MB тесты3 -->
    <test name="MB тесты4" duration-ms="42986" started-at="2018-10-02T15:05:51 MSK" finished-at="2018-10-02T15:06:34 MSK">
      <class name="SideMenu.Settings">
        <test-method status="PASS" signature="setUp()[pri:0, instance:SideMenu.Settings@662f5666]" name="setUp" is-config="true" duration-ms="6471" started-at="2018-10-02T15:05:51 MSK" finished-at="2018-10-02T15:05:58 MSK">
          <reporter-output>
          </reporter-output>
        </test-method> <!-- setUp -->
        <test-method status="PASS" signature="settings()[pri:0, instance:SideMenu.Settings@662f5666]" name="settings" duration-ms="35256" started-at="2018-10-02T15:05:58 MSK" finished-at="2018-10-02T15:06:33 MSK">
          <reporter-output>
          </reporter-output>
        </test-method> <!-- settings -->
        <test-method status="PASS" signature="End()[pri:0, instance:SideMenu.Settings@662f5666]" name="End" is-config="true" duration-ms="1259" started-at="2018-10-02T15:06:33 MSK" finished-at="2018-10-02T15:06:34 MSK">
          <reporter-output>
          </reporter-output>
        </test-method> <!-- End -->
      </class> <!-- SideMenu.Settings -->
    </test> <!-- MB тесты4 -->
    <test name="MB тесты5" duration-ms="32106" started-at="2018-10-02T15:06:34 MSK" finished-at="2018-10-02T15:07:06 MSK">
      <class name="SideMenu.Offers">
        <test-method status="PASS" signature="setUp()[pri:0, instance:SideMenu.Offers@75c9e76b]" name="setUp" is-config="true" duration-ms="6630" started-at="2018-10-02T15:06:34 MSK" finished-at="2018-10-02T15:06:41 MSK">
          <reporter-output>
          </reporter-output>
        </test-method> <!-- setUp -->
        <test-method status="PASS" signature="offers()[pri:0, instance:SideMenu.Offers@75c9e76b]" name="offers" duration-ms="24173" started-at="2018-10-02T15:06:41 MSK" finished-at="2018-10-02T15:07:05 MSK">
          <reporter-output>
          </reporter-output>
        </test-method> <!-- offers -->
        <test-method status="PASS" signature="End()[pri:0, instance:SideMenu.Offers@75c9e76b]" name="End" is-config="true" duration-ms="1300" started-at="2018-10-02T15:07:05 MSK" finished-at="2018-10-02T15:07:06 MSK">
          <reporter-output>
          </reporter-output>
        </test-method> <!-- End -->
      </class> <!-- SideMenu.Offers -->
    </test> <!-- MB тесты5 -->
    <test name="MB тесты6" duration-ms="35788" started-at="2018-10-02T15:07:06 MSK" finished-at="2018-10-02T15:07:42 MSK">
      <class name="HomeScreen.OpenTemplatesList">
        <test-method status="PASS" signature="setUp()[pri:0, instance:HomeScreen.OpenTemplatesList@4879f0f2]" name="setUp" is-config="true" duration-ms="6357" started-at="2018-10-02T15:07:06 MSK" finished-at="2018-10-02T15:07:13 MSK">
          <reporter-output>
          </reporter-output>
        </test-method> <!-- setUp -->
        <test-method status="PASS" signature="TemplatesList()[pri:0, instance:HomeScreen.OpenTemplatesList@4879f0f2]" name="TemplatesList" duration-ms="28193" started-at="2018-10-02T15:07:13 MSK" finished-at="2018-10-02T15:07:41 MSK">
          <reporter-output>
          </reporter-output>
        </test-method> <!-- TemplatesList -->
        <test-method status="PASS" signature="End()[pri:0, instance:HomeScreen.OpenTemplatesList@4879f0f2]" name="End" is-config="true" duration-ms="1238" started-at="2018-10-02T15:07:41 MSK" finished-at="2018-10-02T15:07:42 MSK">
          <reporter-output>
          </reporter-output>
        </test-method> <!-- End -->
      </class> <!-- HomeScreen.OpenTemplatesList -->
    </test> <!-- MB тесты6 -->
    <test name="MB тесты7" duration-ms="36180" started-at="2018-10-02T15:07:42 MSK" finished-at="2018-10-02T15:08:18 MSK">
      <class name="HomeScreen.OpenTemplatesList">
        <test-method status="PASS" signature="setUp()[pri:0, instance:HomeScreen.OpenTemplatesList@1080b026]" name="setUp" is-config="true" duration-ms="6450" started-at="2018-10-02T15:07:42 MSK" finished-at="2018-10-02T15:07:49 MSK">
          <reporter-output>
          </reporter-output>
        </test-method> <!-- setUp -->
        <test-method status="PASS" signature="TemplatesList()[pri:0, instance:HomeScreen.OpenTemplatesList@1080b026]" name="TemplatesList" duration-ms="28477" started-at="2018-10-02T15:07:49 MSK" finished-at="2018-10-02T15:08:17 MSK">
          <reporter-output>
          </reporter-output>
        </test-method> <!-- TemplatesList -->
        <test-method status="PASS" signature="End()[pri:0, instance:HomeScreen.OpenTemplatesList@1080b026]" name="End" is-config="true" duration-ms="1251" started-at="2018-10-02T15:08:17 MSK" finished-at="2018-10-02T15:08:18 MSK">
          <reporter-output>
          </reporter-output>
        </test-method> <!-- End -->
      </class> <!-- HomeScreen.OpenTemplatesList -->
    </test> <!-- MB тесты7 -->
    <test name="MB тесты8" duration-ms="48171" started-at="2018-10-02T15:08:18 MSK" finished-at="2018-10-02T15:09:07 MSK">
      <class name="Cards.On3DSecure">
        <test-method status="PASS" signature="setUp()[pri:0, instance:Cards.On3DSecure@5c87bfe2]" name="setUp" is-config="true" duration-ms="6455" started-at="2018-10-02T15:08:18 MSK" finished-at="2018-10-02T15:08:25 MSK">
          <reporter-output>
          </reporter-output>
        </test-method> <!-- setUp -->
        <test-method status="PASS" signature="DSecure()[pri:0, instance:Cards.On3DSecure@5c87bfe2]" name="DSecure" duration-ms="40217" started-at="2018-10-02T15:08:25 MSK" finished-at="2018-10-02T15:09:05 MSK">
          <reporter-output>
          </reporter-output>
        </test-method> <!-- DSecure -->
        <test-method status="PASS" signature="End()[pri:0, instance:Cards.On3DSecure@5c87bfe2]" name="End" is-config="true" duration-ms="1499" started-at="2018-10-02T15:09:05 MSK" finished-at="2018-10-02T15:09:07 MSK">
          <reporter-output>
          </reporter-output>
        </test-method> <!-- End -->
      </class> <!-- Cards.On3DSecure -->
    </test> <!-- MB тесты8 -->
  </suite> <!-- regress -->
</testng-results>
