<?xml version="1.0" encoding="UTF-8"?>
<testsuite name="MobileKalkTest" time="1.363" tests="3" errors="0" skipped="2" failures="1">
  <properties>
[...]
</properties>
  <testcase name="setUp" classname="MobileKalkTest" time="1.357">
    <failure message="org/openqa/selenium/logging/LoggingHandler" type="java.lang.NoClassDefFoundError">java.lang.NoClassDefFoundError: org/openqa/selenium/logging/LoggingHandler
	at java.net.URLClassLoader.findClass(URLClassLoader.java:381)
	at java.lang.ClassLoader.loadClass(ClassLoader.java:424)
	at sun.misc.Launcher$AppClassLoader.loadClass(Launcher.java:349)
	at java.lang.ClassLoader.loadClass(ClassLoader.java:357)
	at MobileKalkTest.setUp(MobileKalkTest.java:57)
</failure>
    <system-out>Configuring TestNG with: TestNG652Configurator
</system-out>
  </testcase>
  <testcase name="Sum" classname="MobileKalkTest" time="0.001">
    <skipped/>
  </testcase>
  <testcase name="End" classname="MobileKalkTest" time="0.005">
    <skipped/>
  </testcase>
</testsuite>